This is pdfTeX, Version 3.1415926-1.40.11 (TeX Live 2010) (format=pdflatex 2010.7.21)  30 MAY 2012 07:41
entering extended mode
 \write18 enabled.
 file:line:error style messages enabled.
 %&-line parsing enabled.
**beamerouterthemerice.sty
(./beamerouterthemerice.sty
LaTeX2e <2009/09/24>
Babel <v3.8l> and hyphenation patterns for english, dumylang, nohyphenation, ge
rman-x-2009-06-19, ngerman-x-2009-06-19, ancientgreek, ibycus, arabic, armenian
, basque, bulgarian, catalan, pinyin, coptic, croatian, czech, danish, dutch, u
kenglish, usenglishmax, esperanto, estonian, farsi, finnish, french, galician, 
german, ngerman, swissgerman, monogreek, greek, hungarian, icelandic, assamese,
 bengali, gujarati, hindi, kannada, malayalam, marathi, oriya, panjabi, tamil, 
telugu, indonesian, interlingua, irish, italian, kurmanji, lao, latin, latvian,
 lithuanian, mongolian, mongolianlmc, bokmal, nynorsk, polish, portuguese, roma
nian, russian, sanskrit, serbian, slovak, slovenian, spanish, swedish, turkish,
 turkmen, ukrainian, uppersorbian, welsh, loaded.

LaTeX Warning: You have requested package `',
               but the package provides `beamerouterthemerice'.

Package: beamerouterthemerice 2008/10/10
./beamerouterthemerice.sty:10: Undefined control sequence.
l.10 \mode
          <presentation>
? 
./beamerouterthemerice.sty:10: Emergency stop.
l.10 \mode
          <presentation>
End of file on the terminal!

 
Here is how much of TeX's memory you used:
 7 strings out of 493747
 187 string characters out of 3143546
 49070 words of memory out of 3000000
 3398 multiletter control sequences out of 15000+200000
 3640 words of font info for 14 fonts, out of 3000000 for 9000
 714 hyphenation exceptions out of 8191
 7i,0n,4p,96b,10s stack positions out of 5000i,500n,10000p,200000b,50000s
./beamerouterthemerice.sty:10:  ==> Fatal error occurred, no output PDF file pr
oduced!
